#
# There is insufficient memory for the Java Runtime Environment to continue.
# Native memory allocation (mmap) failed to map 100663296 bytes. Error detail: G1 virtual space
# Possible reasons:
#   The system is out of physical RAM or swap space
#   This process is running with CompressedOops enabled, and the Java Heap may be blocking the growth of the native heap
# Possible solutions:
#   Reduce memory load on the system
#   Increase physical memory or swap space
#   Check if swap backing store is full
#   Decrease Java heap size (-Xmx/-Xms)
#   Decrease number of Java threads
#   Decrease Java thread stack sizes (-Xss)
#   Set larger code cache with -XX:ReservedCodeCacheSize=
#   JVM is running with Unscaled Compressed Oops mode in which the Java heap is
#     placed in the first 4GB address space. The Java Heap base address is the
#     maximum limit for the native heap growth. Please use -XX:HeapBaseMinAddress
#     to set the Java Heap base and to place the Java Heap above 4GB virtual address.
# This output file may be truncated or incomplete.
#
#  Out of Memory Error (os_windows.cpp:3618), pid=21512, tid=1932
#
# JRE version:  (17.0.14+7) (build )
# Java VM: OpenJDK 64-Bit Server VM (17.0.14+7, mixed mode, sharing, tiered, compressed oops, compressed class ptrs, g1 gc, windows-amd64)
# No core dump will be written. Minidumps are not enabled by default on client versions of Windows
#

---------------  S U M M A R Y ------------

Command Line: C:\Users\maksim\AppData\Local\Temp\surefire5058898610579087961\surefirebooter-20250221110649190_3.jar C:\Users\maksim\AppData\Local\Temp\surefire5058898610579087961 2025-02-21T11-06-48_680-jvmRun1 surefire-20250221110649190_1tmp surefire_0-20250221110649190_2tmp

Host: AMD Ryzen 5 3500U with Radeon Vega Mobile Gfx  , 8 cores, 5G,  Windows 10 , 64 bit Build 19041 (10.0.19041.5438)
Time: Fri Feb 21 11:06:49 2025  Windows 10 , 64 bit Build 19041 (10.0.19041.5438) elapsed time: 0.040095 seconds (0d 0h 0m 0s)

---------------  T H R E A D  ---------------

Current thread (0x0000016dc0f13300):  JavaThread "Unknown thread" [_thread_in_vm, id=1932, stack(0x000000306d700000,0x000000306d800000)]

Stack: [0x000000306d700000,0x000000306d800000]
Native frames: (J=compiled Java code, j=interpreted, Vv=VM code, C=native code)
V  [jvm.dll+0x682eb9]
V  [jvm.dll+0x8399c8]
V  [jvm.dll+0x83b473]
V  [jvm.dll+0x83bae3]
V  [jvm.dll+0x24715f]
V  [jvm.dll+0x67fc99]
V  [jvm.dll+0x674b8a]
V  [jvm.dll+0x304c06]
V  [jvm.dll+0x30c0c6]
V  [jvm.dll+0x35dc3e]
V  [jvm.dll+0x35de7d]
V  [jvm.dll+0x2dbfcc]
V  [jvm.dll+0x2dcee4]
V  [jvm.dll+0x80b8db]
V  [jvm.dll+0x36b671]
V  [jvm.dll+0x7ea2cf]
V  [jvm.dll+0x3f226f]
V  [jvm.dll+0x3f3da1]
C  [jli.dll+0x5278]
C  [ucrtbase.dll+0x21bb2]
C  [KERNEL32.DLL+0x17374]
C  [ntdll.dll+0x4cc91]


---------------  P R O C E S S  ---------------

Threads class SMR info:
_java_thread_list=0x00007ffc04a57f58, length=0, elements={
}

Java Threads: ( => current thread )

Other Threads:
  0x0000016dc0f5ee50 GCTaskThread "GC Thread#0" [stack: 0x000000306d800000,0x000000306d900000] [id=13816]
  0x0000016dc0f6bc20 ConcurrentGCThread "G1 Main Marker" [stack: 0x000000306d900000,0x000000306da00000] [id=13840]
  0x0000016dc0f6cde0 ConcurrentGCThread "G1 Conc#0" [stack: 0x000000306da00000,0x000000306db00000] [id=14876]

[error occurred during error reporting (printing all threads), id 0xc0000005, EXCEPTION_ACCESS_VIOLATION (0xc0000005) at pc=0x00007ffc0420caf7]

VM state: not at safepoint (not fully initialized)

VM Mutex/Monitor currently owned by a thread:  ([mutex/lock_event])
[0x0000016dc0f0df00] Heap_lock - owner thread: 0x0000016dc0f13300

Heap address: 0x00000000a0c00000, size: 1524 MB, Compressed Oops mode: 32-bit

CDS archive(s) mapped at: [0x0000000000000000-0x0000000000000000-0x0000000000000000), size 0, SharedBaseAddress: 0x0000000800000000, ArchiveRelocationMode: 1.
Narrow klass base: 0x0000000000000000, Narrow klass shift: 0, Narrow klass range: 0x0

GC Precious Log:
<Empty>

Heap:
 garbage-first heap   total 0K, used 0K [0x00000000a0c00000, 0x0000000100000000)
  region size 1024K, 0 young (0K), 0 survivors (0K)

[error occurred during error reporting (printing heap information), id 0xc0000005, EXCEPTION_ACCESS_VIOLATION (0xc0000005) at pc=0x00007ffc045fc619]

GC Heap History (0 events):
No events

Dll operation events (1 events):
Event: 0.021 Loaded shared library C:\Users\maksim\Downloads\OpenJDK17U-jdk_x64_windows_hotspot_17.0.14_7\jdk-17.0.14+7\bin\java.dll

Deoptimization events (0 events):
No events

Classes loaded (0 events):
No events

Classes unloaded (0 events):
No events

Classes redefined (0 events):
No events

Internal exceptions (0 events):
No events

VM Operations (0 events):
No events

Memory protections (0 events):
No events

Nmethod flushes (0 events):
No events

Events (0 events):
No events


Dynamic libraries:
0x00007ff7867e0000 - 0x00007ff7867ee000 	C:\Users\maksim\Downloads\OpenJDK17U-jdk_x64_windows_hotspot_17.0.14_7\jdk-17.0.14+7\bin\java.exe
0x00007ffc4edb0000 - 0x00007ffc4efa8000 	C:\WINDOWS\SYSTEM32\ntdll.dll
0x00007ffc4d630000 - 0x00007ffc4d6f2000 	C:\WINDOWS\System32\KERNEL32.DLL
0x00007ffc4c650000 - 0x00007ffc4c94f000 	C:\WINDOWS\System32\KERNELBASE.dll
0x00007ffc4ccd0000 - 0x00007ffc4cdd0000 	C:\WINDOWS\System32\ucrtbase.dll
0x00007ffc3b410000 - 0x00007ffc3b42e000 	C:\Users\maksim\Downloads\OpenJDK17U-jdk_x64_windows_hotspot_17.0.14_7\jdk-17.0.14+7\bin\VCRUNTIME140.dll
0x00007ffc3fa50000 - 0x00007ffc3fa67000 	C:\Users\maksim\Downloads\OpenJDK17U-jdk_x64_windows_hotspot_17.0.14_7\jdk-17.0.14+7\bin\jli.dll
0x00007ffc4e030000 - 0x00007ffc4e1cd000 	C:\WINDOWS\System32\USER32.dll
0x00007ffc3b8b0000 - 0x00007ffc3bb4a000 	C:\WINDOWS\WinSxS\amd64_microsoft.windows.common-controls_6595b64144ccf1df_6.0.19041.4355_none_60b8b9eb71f62e16\COMCTL32.dll
0x00007ffc4c590000 - 0x00007ffc4c5b2000 	C:\WINDOWS\System32\win32u.dll
0x00007ffc4e8b0000 - 0x00007ffc4e94e000 	C:\WINDOWS\System32\msvcrt.dll
0x00007ffc4df90000 - 0x00007ffc4dfbb000 	C:\WINDOWS\System32\GDI32.dll
0x00007ffc4c9a0000 - 0x00007ffc4caba000 	C:\WINDOWS\System32\gdi32full.dll
0x00007ffc4c450000 - 0x00007ffc4c4ed000 	C:\WINDOWS\System32\msvcp_win.dll
0x00007ffc4e880000 - 0x00007ffc4e8af000 	C:\WINDOWS\System32\IMM32.DLL
0x00007ffc468d0000 - 0x00007ffc468dc000 	C:\Users\maksim\Downloads\OpenJDK17U-jdk_x64_windows_hotspot_17.0.14_7\jdk-17.0.14+7\bin\vcruntime140_1.dll
0x00007ffc27270000 - 0x00007ffc272fd000 	C:\Users\maksim\Downloads\OpenJDK17U-jdk_x64_windows_hotspot_17.0.14_7\jdk-17.0.14+7\bin\msvcp140.dll
0x00007ffc03f20000 - 0x00007ffc04b8b000 	C:\Users\maksim\Downloads\OpenJDK17U-jdk_x64_windows_hotspot_17.0.14_7\jdk-17.0.14+7\bin\server\jvm.dll
0x00007ffc4cf20000 - 0x00007ffc4cfcf000 	C:\WINDOWS\System32\ADVAPI32.dll
0x00007ffc4d580000 - 0x00007ffc4d61f000 	C:\WINDOWS\System32\sechost.dll
0x00007ffc4ec40000 - 0x00007ffc4ed63000 	C:\WINDOWS\System32\RPCRT4.dll
0x00007ffc4c560000 - 0x00007ffc4c587000 	C:\WINDOWS\System32\bcrypt.dll
0x00007ffc4dfc0000 - 0x00007ffc4e02b000 	C:\WINDOWS\System32\WS2_32.dll
0x00007ffc42ae0000 - 0x00007ffc42b07000 	C:\WINDOWS\SYSTEM32\WINMM.dll
0x00007ffc4c2b0000 - 0x00007ffc4c2fb000 	C:\WINDOWS\SYSTEM32\POWRPROF.dll
0x00007ffc43fd0000 - 0x00007ffc43fda000 	C:\WINDOWS\SYSTEM32\VERSION.dll
0x00007ffc4c290000 - 0x00007ffc4c2a2000 	C:\WINDOWS\SYSTEM32\UMPDC.dll
0x00007ffc4a290000 - 0x00007ffc4a2a2000 	C:\WINDOWS\SYSTEM32\kernel.appcore.dll
0x00007ffc3fa40000 - 0x00007ffc3fa4a000 	C:\Users\maksim\Downloads\OpenJDK17U-jdk_x64_windows_hotspot_17.0.14_7\jdk-17.0.14+7\bin\jimage.dll
0x00007ffc456e0000 - 0x00007ffc458c4000 	C:\WINDOWS\SYSTEM32\DBGHELP.DLL
0x00007ffc399c0000 - 0x00007ffc399f4000 	C:\WINDOWS\SYSTEM32\dbgcore.DLL
0x00007ffc4c5c0000 - 0x00007ffc4c642000 	C:\WINDOWS\System32\bcryptPrimitives.dll
0x00007ffc3a1b0000 - 0x00007ffc3a1d5000 	C:\Users\maksim\Downloads\OpenJDK17U-jdk_x64_windows_hotspot_17.0.14_7\jdk-17.0.14+7\bin\java.dll

dbghelp: loaded successfully - version: 4.0.5 - missing functions: none
symbol engine: initialized successfully - sym options: 0x614 - pdb path: .;C:\Users\maksim\Downloads\OpenJDK17U-jdk_x64_windows_hotspot_17.0.14_7\jdk-17.0.14+7\bin;C:\WINDOWS\SYSTEM32;C:\WINDOWS\WinSxS\amd64_microsoft.windows.common-controls_6595b64144ccf1df_6.0.19041.4355_none_60b8b9eb71f62e16;C:\Users\maksim\Downloads\OpenJDK17U-jdk_x64_windows_hotspot_17.0.14_7\jdk-17.0.14+7\bin\server

VM Arguments:
java_command: C:\Users\maksim\AppData\Local\Temp\surefire5058898610579087961\surefirebooter-20250221110649190_3.jar C:\Users\maksim\AppData\Local\Temp\surefire5058898610579087961 2025-02-21T11-06-48_680-jvmRun1 surefire-20250221110649190_1tmp surefire_0-20250221110649190_2tmp
java_class_path (initial): C:\Users\maksim\AppData\Local\Temp\surefire5058898610579087961\surefirebooter-20250221110649190_3.jar
Launcher Type: SUN_STANDARD

[Global flags]
     intx CICompilerCount                          = 4                                         {product} {ergonomic}
     uint ConcGCThreads                            = 2                                         {product} {ergonomic}
     uint G1ConcRefinementThreads                  = 8                                         {product} {ergonomic}
   size_t G1HeapRegionSize                         = 1048576                                   {product} {ergonomic}
    uintx GCDrainStackTargetSize                   = 64                                        {product} {ergonomic}
   size_t InitialHeapSize                          = 100663296                                 {product} {ergonomic}
   size_t MarkStackSize                            = 4194304                                   {product} {ergonomic}
   size_t MaxHeapSize                              = 1598029824                                {product} {ergonomic}
   size_t MinHeapDeltaBytes                        = 1048576                                   {product} {ergonomic}
   size_t MinHeapSize                              = 8388608                                   {product} {ergonomic}
    uintx NonNMethodCodeHeapSize                   = 5839372                                {pd product} {ergonomic}
    uintx NonProfiledCodeHeapSize                  = 122909434                              {pd product} {ergonomic}
    uintx ProfiledCodeHeapSize                     = 122909434                              {pd product} {ergonomic}
    uintx ReservedCodeCacheSize                    = 251658240                              {pd product} {ergonomic}
     bool SegmentedCodeCache                       = true                                      {product} {ergonomic}
   size_t SoftMaxHeapSize                          = 1598029824                             {manageable} {ergonomic}
     bool UseCompressedClassPointers               = true                           {product lp64_product} {ergonomic}
     bool UseCompressedOops                        = true                           {product lp64_product} {ergonomic}
     bool UseG1GC                                  = true                                      {product} {ergonomic}
     bool UseLargePagesIndividualAllocation        = false                                  {pd product} {ergonomic}

Logging:
Log output configuration:
 #0: stdout all=warning uptime,level,tags
 #1: stderr all=off uptime,level,tags

Environment Variables:
JAVA_HOME=C:\Users\maksim\Downloads\OpenJDK17U-jdk_x64_windows_hotspot_17.0.14_7\jdk-17.0.14+7
PATH=C:\Program Files\Common Files\Oracle\Java\javapath;C:\Program Files (x86)\Common Files\Oracle\Java\javapath;C:\ProgramData\Oracle\Java\javapath;C:\WINDOWS\system32;C:\WINDOWS;C:\WINDOWS\System32\Wbem;C:\WINDOWS\System32\WindowsPowerShell\v1.0\;C:\WINDOWS\System32\OpenSSH\;C:\Program Files\Common Files\Autodesk Shared\;C:\Program Files (x86)\AMD\ATI.ACE\Core-Static;C:\Program Files\nodejs\;C:\Program Files\Git\cmd;C:\Users\maksim\Downloads\apache-maven-3.9.9-bin\apache-maven-3.9.9\bin;C:\Users\maksim\Downloads\OpenJDK17U-jdk_x64_windows_hotspot_17.0.14_7\jdk-17.0.14+7\bin;C:\PROGRA~1\Red Gate\Flyway Desktop\;C:\Program Files\PostgreSQL\17\bin;;C:\Program Files\Docker\Docker\resources\bin;C:\Users\maksim\AppData\Local\Programs\Python\Python311\Scripts\;C:\Users\maksim\AppData\Local\Programs\Python\Python311\;C:\Users\maksim\AppData\Local\Programs\Python\Launcher\;C:\Users\maksim\AppData\Local\Microsoft\WindowsApps;C:\Program Files\JetBrains\IntelliJ IDEA 2023.2.1\bin;;C:\Program Files\JetBrains\IntelliJ IDEA Community Edition 2024.2.1\bin;;C:\Users\maksim\AppData\Roaming\npm;C:\Program Files\JetBrains\PyCharm 2023.2.1\bin;;C:\Users\maksim\AppData\Local\Programs\Microsoft VS Code\bin
USERNAME=maksim
OS=Windows_NT
PROCESSOR_IDENTIFIER=AMD64 Family 23 Model 24 Stepping 1, AuthenticAMD
TMP=C:\Users\maksim\AppData\Local\Temp
TEMP=C:\Users\maksim\AppData\Local\Temp



Periodic native trim disabled


---------------  S Y S T E M  ---------------

OS:
 Windows 10 , 64 bit Build 19041 (10.0.19041.5438)
OS uptime: 1 days 21:37 hours
Hyper-V role detected

CPU: total 8 (initial active 8) (8 cores per cpu, 2 threads per core) family 23 model 24 stepping 1 microcode 0x0, cx8, cmov, fxsr, ht, mmx, 3dnowpref, sse, sse2, sse3, ssse3, sse4a, sse4.1, sse4.2, popcnt, lzcnt, tsc, tscinvbit, avx, avx2, aes, clmul, bmi1, bmi2, adx, sha, fma, vzeroupper, clflush, clflushopt, hv
Processor Information for all 8 processors :
  Max Mhz: 2100, Current Mhz: 2100, Mhz Limit: 2100

Memory: 4k page, system-wide physical 6091M (307M free)
TotalPageFile size 14283M (AvailPageFile size 90M)
current process WorkingSet (physical memory assigned to process): 10M, peak: 10M
current process commit charge ("private bytes"): 60M, peak: 156M

vm_info: OpenJDK 64-Bit Server VM (17.0.14+7) for windows-amd64 JRE (17.0.14+7), built on Jan 21 2025 23:40:15 by "admin" with MS VC++ 17.7 (VS2022)

END.
